Determining if the pthread_create exist failed with the following output:
Change Dir: /home/lab/silop_ws/build/CMakeFiles/CMakeTmp

Run Build Command:"/usr/bin/make" "cmTC_f55d7/fast"
/usr/bin/make -f CMakeFiles/cmTC_f55d7.dir/build.make CMakeFiles/cmTC_f55d7.dir/build
make[1]: se entra en el directorio '/home/lab/silop_ws/build/CMakeFiles/CMakeTmp'
Building C object CMakeFiles/cmTC_f55d7.dir/CheckSymbolExists.c.o
/usr/bin/cc     -o CMakeFiles/cmTC_f55d7.dir/CheckSymbolExists.c.o   -c /home/lab/silop_ws/build/CMakeFiles/CMakeTmp/CheckSymbolExists.c
Linking C executable cmTC_f55d7
/usr/bin/cmake -E cmake_link_script CMakeFiles/cmTC_f55d7.dir/link.txt --verbose=1
/usr/bin/cc       CMakeFiles/cmTC_f55d7.dir/CheckSymbolExists.c.o  -o cmTC_f55d7 -rdynamic 
CMakeFiles/cmTC_f55d7.dir/CheckSymbolExists.c.o: En la función `main':
CheckSymbolExists.c:(.text+0x16): referencia a `pthread_create' sin definir
collect2: error: ld returned 1 exit status
CMakeFiles/cmTC_f55d7.dir/build.make:97: fallo en las instrucciones para el objetivo 'cmTC_f55d7'
make[1]: *** [cmTC_f55d7] Error 1
make[1]: se sale del directorio '/home/lab/silop_ws/build/CMakeFiles/CMakeTmp'
Makefile:126: fallo en las instrucciones para el objetivo 'cmTC_f55d7/fast'
make: *** [cmTC_f55d7/fast] Error 2

File /home/lab/silop_ws/build/CMakeFiles/CMakeTmp/CheckSymbolExists.c:
/* */
#include <pthread.h>

int main(int argc, char** argv)
{
  (void)argv;
#ifndef pthread_create
  return ((int*)(&pthread_create))[argc];
#else
  (void)argc;
  return 0;
#endif
}

Determining if the function pthread_create exists in the pthreads failed with the following output:
Change Dir: /home/lab/silop_ws/build/CMakeFiles/CMakeTmp

Run Build Command:"/usr/bin/make" "cmTC_8b13c/fast"
/usr/bin/make -f CMakeFiles/cmTC_8b13c.dir/build.make CMakeFiles/cmTC_8b13c.dir/build
make[1]: se entra en el directorio '/home/lab/silop_ws/build/CMakeFiles/CMakeTmp'
Building C object CMakeFiles/cmTC_8b13c.dir/CheckFunctionExists.c.o
/usr/bin/cc    -DCHECK_FUNCTION_EXISTS=pthread_create   -o CMakeFiles/cmTC_8b13c.dir/CheckFunctionExists.c.o   -c /usr/share/cmake-3.5/Modules/CheckFunctionExists.c
Linking C executable cmTC_8b13c
/usr/bin/cmake -E cmake_link_script CMakeFiles/cmTC_8b13c.dir/link.txt --verbose=1
/usr/bin/cc   -DCHECK_FUNCTION_EXISTS=pthread_create    CMakeFiles/cmTC_8b13c.dir/CheckFunctionExists.c.o  -o cmTC_8b13c -rdynamic -lpthreads 
/usr/bin/ld: no se puede encontrar -lpthreads
collect2: error: ld returned 1 exit status
CMakeFiles/cmTC_8b13c.dir/build.make:97: fallo en las instrucciones para el objetivo 'cmTC_8b13c'
make[1]: *** [cmTC_8b13c] Error 1
make[1]: se sale del directorio '/home/lab/silop_ws/build/CMakeFiles/CMakeTmp'
Makefile:126: fallo en las instrucciones para el objetivo 'cmTC_8b13c/fast'
make: *** [cmTC_8b13c/fast] Error 2


